  main.cpp
f:\1_study\13 phat trien phan mem123az\articel\gamecppsdl2\gamecpp2\gamecpp2\commonfunc.h(72): warning C4091: 'typedef ': ignored on left of 'GeometricFormat' when no variable is declared
f:\1_study\13 phat trien phan mem123az\articel\gamecppsdl2\gamecpp2\gamecpp2\commonfunc.h(81): warning C4091: 'typedef ': ignored on left of 'ColorData' when no variable is declared
f:\1_study\13 phat trien phan mem123az\articel\gamecppsdl2\gamecpp2\gamecpp2\threatsobject.h(17): warning C4005: 'PLAYER_SPEED': macro redefinition
  f:\1_study\13 phat trien phan mem123az\articel\gamecppsdl2\gamecpp2\gamecpp2\mainobject.h(13): note: see previous definition of 'PLAYER_SPEED'
f:\1_study\13 phat trien phan mem123az\articel\gamecppsdl2\gamecpp2\gamecpp2\threatsobject.h(30): warning C4244: '=': conversion from 'int' to 'float', possible loss of data
f:\1_study\13 phat trien phan mem123az\articel\gamecppsdl2\gamecpp2\gamecpp2\threatsobject.h(31): warning C4244: '=': conversion from 'int' to 'float', possible loss of data
f:\1_study\13 phat trien phan mem123az\articel\gamecppsdl2\gamecpp2\gamecpp2\threatsobject.h(33): warning C4244: '=': conversion from 'const int' to 'float', possible loss of data
f:\1_study\13 phat trien phan mem123az\articel\gamecppsdl2\gamecpp2\gamecpp2\threatsobject.h(34): warning C4244: '=': conversion from 'const int' to 'float', possible loss of data
f:\1_study\13 phat trien phan mem123az\articel\gamecppsdl2\gamecpp2\gamecpp2\threatsobject.h(35): warning C4244: 'return': conversion from 'float' to 'int', possible loss of data
f:\1_study\13 phat trien phan mem123az\articel\gamecppsdl2\gamecpp2\gamecpp2\threatsobject.h(36): warning C4244: 'return': conversion from 'float' to 'int', possible loss of data
f:\1_study\13 phat trien phan mem123az\articel\gamecppsdl2\gamecpp2\gamecpp2\bossobject.h(24): warning C4244: '=': conversion from 'int' to 'float', possible loss of data
f:\1_study\13 phat trien phan mem123az\articel\gamecppsdl2\gamecpp2\gamecpp2\bossobject.h(25): warning C4244: '=': conversion from 'int' to 'float', possible loss of data
f:\1_study\13 phat trien phan mem123az\articel\gamecppsdl2\gamecpp2\gamecpp2\main.cpp(176): warning C4244: 'argument': conversion from 'double' to 'const int', possible loss of data
f:\1_study\13 phat trien phan mem123az\articel\gamecppsdl2\gamecpp2\gamecpp2\main.cpp(186): warning C4244: 'initializing': conversion from 'double' to 'int', possible loss of data
f:\1_study\13 phat trien phan mem123az\articel\gamecppsdl2\gamecpp2\gamecpp2\main.cpp(260): warning C4018: '<': signed/unsigned mismatch
f:\1_study\13 phat trien phan mem123az\articel\gamecppsdl2\gamecpp2\gamecpp2\main.cpp(275): warning C4018: '<': signed/unsigned mismatch
f:\1_study\13 phat trien phan mem123az\articel\gamecppsdl2\gamecpp2\gamecpp2\main.cpp(300): warning C4244: 'initializing': conversion from 'double' to 'int', possible loss of data
f:\1_study\13 phat trien phan mem123az\articel\gamecppsdl2\gamecpp2\gamecpp2\main.cpp(301): warning C4244: 'initializing': conversion from 'double' to 'int', possible loss of data
f:\1_study\13 phat trien phan mem123az\articel\gamecppsdl2\gamecpp2\gamecpp2\main.cpp(309): error C2065: 'g_sound_ex_main': undeclared identifier
f:\1_study\13 phat trien phan mem123az\articel\gamecppsdl2\gamecpp2\gamecpp2\main.cpp(340): warning C4018: '<': signed/unsigned mismatch
f:\1_study\13 phat trien phan mem123az\articel\gamecppsdl2\gamecpp2\gamecpp2\main.cpp(346): warning C4018: '<': signed/unsigned mismatch
f:\1_study\13 phat trien phan mem123az\articel\gamecppsdl2\gamecpp2\gamecpp2\main.cpp(362): warning C4244: 'initializing': conversion from 'double' to 'int', possible loss of data
f:\1_study\13 phat trien phan mem123az\articel\gamecppsdl2\gamecpp2\gamecpp2\main.cpp(363): warning C4244: 'initializing': conversion from 'double' to 'int', possible loss of data
f:\1_study\13 phat trien phan mem123az\articel\gamecppsdl2\gamecpp2\gamecpp2\main.cpp(384): error C2065: 'g_sound_explosion': undeclared identifier
f:\1_study\13 phat trien phan mem123az\articel\gamecppsdl2\gamecpp2\gamecpp2\main.cpp(423): warning C4244: 'argument': conversion from 'double' to 'int', possible loss of data
f:\1_study\13 phat trien phan mem123az\articel\gamecppsdl2\gamecpp2\gamecpp2\main.cpp(429): warning C4244: 'argument': conversion from 'double' to 'int', possible loss of data
f:\1_study\13 phat trien phan mem123az\articel\gamecppsdl2\gamecpp2\gamecpp2\main.cpp(456): warning C4018: '<': signed/unsigned mismatch
